<?xml version="1.0" encoding="UTF-8"?>
<testsuites>
  <testsuite name="" tests="18" assertions="18" errors="0" warnings="0" failures="0" skipped="0" time="0.037179">
    <testsuite name="CodeIgniter Application Test Suite" tests="18" assertions="18" errors="0" warnings="0" failures="0" skipped="0" time="0.037179">
      <testsuite name="Berita_test" file="/opt/lampp/htdocs/ayo-lapor/application/tests/controllers/Berita_test.php" tests="9" assertions="9" errors="0" warnings="0" failures="0" skipped="0" time="0.028279">
        <testcase name="testAddSuccessCase" class="Berita_test" classname="Berita_test" file="/opt/lampp/htdocs/ayo-lapor/application/tests/controllers/Berita_test.php" line="21" assertions="1" time="0.013622"/>
        <testcase name="testAddFailedCase" class="Berita_test" classname="Berita_test" file="/opt/lampp/htdocs/ayo-lapor/application/tests/controllers/Berita_test.php" line="32" assertions="1" time="0.003327"/>
        <testcase name="testUpdateSuccessCase" class="Berita_test" classname="Berita_test" file="/opt/lampp/htdocs/ayo-lapor/application/tests/controllers/Berita_test.php" line="41" assertions="1" time="0.001772"/>
        <testcase name="testUpdateFailedCase" class="Berita_test" classname="Berita_test" file="/opt/lampp/htdocs/ayo-lapor/application/tests/controllers/Berita_test.php" line="50" assertions="1" time="0.000897"/>
        <testcase name="testDeleteSuccessCase" class="Berita_test" classname="Berita_test" file="/opt/lampp/htdocs/ayo-lapor/application/tests/controllers/Berita_test.php" line="59" assertions="1" time="0.000898"/>
        <testcase name="testDeleteFailedCase" class="Berita_test" classname="Berita_test" file="/opt/lampp/htdocs/ayo-lapor/application/tests/controllers/Berita_test.php" line="65" assertions="1" time="0.000810"/>
        <testcase name="testGetByIdSuccessCase" class="Berita_test" classname="Berita_test" file="/opt/lampp/htdocs/ayo-lapor/application/tests/controllers/Berita_test.php" line="71" assertions="1" time="0.001575"/>
        <testcase name="testGetByIdFailedCase" class="Berita_test" classname="Berita_test" file="/opt/lampp/htdocs/ayo-lapor/application/tests/controllers/Berita_test.php" line="77" assertions="1" time="0.000821"/>
        <testcase name="testGetAllCase" class="Berita_test" classname="Berita_test" file="/opt/lampp/htdocs/ayo-lapor/application/tests/controllers/Berita_test.php" line="83" assertions="1" time="0.004558"/>
      </testsuite>
      <testsuite name="Report_test" file="/opt/lampp/htdocs/ayo-lapor/application/tests/controllers/Report_test.php" tests="9" assertions="9" errors="0" warnings="0" failures="0" skipped="0" time="0.008900">
        <testcase name="testAddSuccessCase" class="Report_test" classname="Report_test" file="/opt/lampp/htdocs/ayo-lapor/application/tests/controllers/Report_test.php" line="21" assertions="1" time="0.001933"/>
        <testcase name="testAddFailedCase" class="Report_test" classname="Report_test" file="/opt/lampp/htdocs/ayo-lapor/application/tests/controllers/Report_test.php" line="34" assertions="1" time="0.000937"/>
        <testcase name="testUpdateSuccessCase" class="Report_test" classname="Report_test" file="/opt/lampp/htdocs/ayo-lapor/application/tests/controllers/Report_test.php" line="44" assertions="1" time="0.000916"/>
        <testcase name="testUpdateFailedCase" class="Report_test" classname="Report_test" file="/opt/lampp/htdocs/ayo-lapor/application/tests/controllers/Report_test.php" line="53" assertions="1" time="0.000805"/>
        <testcase name="testDeleteSuccessCase" class="Report_test" classname="Report_test" file="/opt/lampp/htdocs/ayo-lapor/application/tests/controllers/Report_test.php" line="62" assertions="1" time="0.000895"/>
        <testcase name="testDeleteFailedCase" class="Report_test" classname="Report_test" file="/opt/lampp/htdocs/ayo-lapor/application/tests/controllers/Report_test.php" line="68" assertions="1" time="0.000779"/>
        <testcase name="testGetByIdSuccessCase" class="Report_test" classname="Report_test" file="/opt/lampp/htdocs/ayo-lapor/application/tests/controllers/Report_test.php" line="74" assertions="1" time="0.000899"/>
        <testcase name="testGetByIdFailedCase" class="Report_test" classname="Report_test" file="/opt/lampp/htdocs/ayo-lapor/application/tests/controllers/Report_test.php" line="80" assertions="1" time="0.000786"/>
        <testcase name="testGetAllCase" class="Report_test" classname="Report_test" file="/opt/lampp/htdocs/ayo-lapor/application/tests/controllers/Report_test.php" line="86" assertions="1" time="0.000949"/>
      </testsuite>
    </testsuite>
  </testsuite>
</testsuites>
